<?xml version="1.0" encoding="utf-8"?><testsuites name="pytest tests"><testsuite name="pytest" errors="0" failures="0" skipped="0" tests="18" time="13.651" timestamp="2026-05-23T05:32:58.279826+00:00" hostname="agent-env-ccc54e5b-9e87-4106-b464-f66cad509e8b"><testcase classname="backend.tests.test_admin.TestAdminSeedAndAuth" name="test_admin_login_succeeds" time="0.474" /><testcase classname="backend.tests.test_admin.TestAdminSeedAndAuth" name="test_register_admin_role_rejected" time="0.109" /><testcase classname="backend.tests.test_admin.TestAdminSettings" name="test_get_settings_admin_only" time="0.868" /><testcase classname="backend.tests.test_admin.TestAdminSettings" name="test_update_settings_persists" time="0.439" /><testcase classname="backend.tests.test_admin.TestAdminSettings" name="test_update_settings_invalid_rate" time="0.190" /><testcase classname="backend.tests.test_admin.TestAdminStats" name="test_stats_admin_only" time="0.202" /><testcase classname="backend.tests.test_admin.TestAdminUsersAndSuspend" name="test_list_users_strips_password_hash" time="0.154" /><testcase classname="backend.tests.test_admin.TestAdminUsersAndSuspend" name="test_list_users_role_filter" time="0.098" /><testcase classname="backend.tests.test_admin.TestAdminUsersAndSuspend" name="test_admin_cannot_suspend_self" time="0.264" /><testcase classname="backend.tests.test_admin.TestAdminUsersAndSuspend" name="test_suspend_blocks_login_then_reactivate" time="1.444" /><testcase classname="backend.tests.test_admin.TestCommissionOnPayment" name="test_viewing_payment_records_commission" time="7.801" /><testcase classname="backend.tests.test_admin.TestAdminPaymentsAndRefund" name="test_list_payments_enriched" time="0.096" /><testcase classname="backend.tests.test_admin.TestAdminPaymentsAndRefund" name="test_refund_only_succeeded" time="0.120" /><testcase classname="backend.tests.test_admin.TestAdminPaymentsAndRefund" name="test_refund_succeeded_viewing_payment" time="0.418" /><testcase classname="backend.tests.test_admin.TestAdminPayouts" name="test_payouts_aggregation" time="0.092" /><testcase classname="backend.tests.test_admin.TestAdminPayouts" name="test_mark_paid_and_history" time="0.430" /><testcase classname="backend.tests.test_admin.TestAdminPayouts" name="test_mark_paid_invalid_amount" time="0.211" /><testcase classname="backend.tests.test_admin.TestAdminProperties" name="test_list_properties" time="0.104" /></testsuite></testsuites>