<?xml version="1.0" encoding="utf-8"?><testsuites name="pytest tests"><testsuite name="pytest" errors="0" failures="0" skipped="0" tests="100" time="145.955" timestamp="2026-05-23T06:17:19.086304+00:00" hostname="agent-env-ccc54e5b-9e87-4106-b464-f66cad509e8b"><testcase classname="backend.tests.test_admin.TestAdminSeedAndAuth" name="test_admin_login_succeeds" time="0.338" /><testcase classname="backend.tests.test_admin.TestAdminSeedAndAuth" name="test_register_admin_role_rejected" time="0.097" /><testcase classname="backend.tests.test_admin.TestAdminSettings" name="test_get_settings_admin_only" time="0.858" /><testcase classname="backend.tests.test_admin.TestAdminSettings" name="test_update_settings_persists" time="0.435" /><testcase classname="backend.tests.test_admin.TestAdminSettings" name="test_update_settings_invalid_rate" time="0.204" /><testcase classname="backend.tests.test_admin.TestAdminStats" name="test_stats_admin_only" time="0.209" /><testcase classname="backend.tests.test_admin.TestAdminUsersAndSuspend" name="test_list_users_strips_password_hash" time="0.104" /><testcase classname="backend.tests.test_admin.TestAdminUsersAndSuspend" name="test_list_users_role_filter" time="0.095" /><testcase classname="backend.tests.test_admin.TestAdminUsersAndSuspend" name="test_admin_cannot_suspend_self" time="0.206" /><testcase classname="backend.tests.test_admin.TestAdminUsersAndSuspend" name="test_suspend_blocks_login_then_reactivate" time="1.376" /><testcase classname="backend.tests.test_admin.TestCommissionOnPayment" name="test_viewing_payment_records_commission" time="7.782" /><testcase classname="backend.tests.test_admin.TestAdminPaymentsAndRefund" name="test_list_payments_enriched" time="0.108" /><testcase classname="backend.tests.test_admin.TestAdminPaymentsAndRefund" name="test_refund_only_succeeded" time="0.103" /><testcase classname="backend.tests.test_admin.TestAdminPaymentsAndRefund" name="test_refund_succeeded_viewing_payment" time="0.409" /><testcase classname="backend.tests.test_admin.TestAdminPayouts" name="test_payouts_aggregation" time="0.096" /><testcase classname="backend.tests.test_admin.TestAdminPayouts" name="test_mark_paid_and_history" time="0.393" /><testcase classname="backend.tests.test_admin.TestAdminPayouts" name="test_mark_paid_invalid_amount" time="68.433" /><testcase classname="backend.tests.test_admin.TestAdminProperties" name="test_list_properties" time="0.133" /><testcase classname="backend.tests.test_marketplace_viewings" name="test_setup_landlord_and_units" time="1.831" /><testcase classname="backend.tests.test_marketplace_viewings" name="test_public_listings_no_auth" time="0.112" /><testcase classname="backend.tests.test_marketplace_viewings" name="test_public_listings_max_rent_filter" time="0.100" /><testcase classname="backend.tests.test_marketplace_viewings" name="test_public_listing_detail_vacant" time="0.099" /><testcase classname="backend.tests.test_marketplace_viewings" name="test_public_listing_detail_occupied_404" time="0.112" /><testcase classname="backend.tests.test_marketplace_viewings" name="test_register_prospect_role_rejected" time="0.097" /><testcase classname="backend.tests.test_marketplace_viewings" name="test_book_viewing_creates_prospect_and_payment" time="0.322" /><testcase classname="backend.tests.test_marketplace_viewings" name="test_viewing_status_before_payment_hides_contact" time="0.098" /><testcase classname="backend.tests.test_marketplace_viewings" name="test_demo_callback_marks_viewing_scheduled" time="4.566" /><testcase classname="backend.tests.test_marketplace_viewings" name="test_prospect_can_login" time="0.322" /><testcase classname="backend.tests.test_marketplace_viewings" name="test_prospect_my_viewings" time="0.093" /><testcase classname="backend.tests.test_marketplace_viewings" name="test_landlord_sees_viewing_on_their_properties" time="0.102" /><testcase classname="backend.tests.test_marketplace_viewings" name="test_landlord_my_viewings_forbidden" time="0.100" /><testcase classname="backend.tests.test_marketplace_viewings" name="test_prospect_landlord_viewings_forbidden" time="0.120" /><testcase classname="backend.tests.test_marketplace_viewings" name="test_rebook_same_email_reuses_prospect_no_password" time="0.098" /><testcase classname="backend.tests.test_marketplace_viewings" name="test_book_on_occupied_unit_returns_404" time="0.101" /><testcase classname="backend.tests.test_marketplace_viewings" name="test_book_invalid_phone_returns_400" time="0.145" /><testcase classname="backend.tests.test_marketplace_viewings" name="test_prospect_dashboard_stats" time="0.104" /><testcase classname="backend.tests.test_marketplace_viewings" name="test_book_with_landlord_email_rejected" time="0.107" /><testcase classname="backend.tests.test_marketplace_viewings" name="test_zz_cleanup" time="0.089" /><testcase classname="backend.tests.test_oversight.TestPublicListingGating" name="test_pending_property_unit_hidden_from_public_listings" time="0.641" /><testcase classname="backend.tests.test_oversight.TestPublicListingGating" name="test_pending_property_unit_detail_returns_404" time="0.100" /><testcase classname="backend.tests.test_oversight.TestTenantApprovalGating" name="test_new_tenant_defaults_to_pending" time="1.291" /><testcase classname="backend.tests.test_oversight.TestTenantApprovalGating" name="test_pending_tenant_appears_in_approval_queue" time="0.103" /><testcase classname="backend.tests.test_oversight.TestTenantApprovalGating" name="test_pending_tenant_cannot_initiate_payment" time="0.204" /><testcase classname="backend.tests.test_oversight.TestTenantApprovalGating" name="test_admin_approves_tenant_then_payment_succeeds" time="0.570" /><testcase classname="backend.tests.test_oversight.TestTenantApprovalGating" name="test_admin_rejects_tenant" time="0.627" /><testcase classname="backend.tests.test_oversight.TestCaretakerApprovalGating" name="test_new_caretaker_defaults_to_pending" time="0.654" /><testcase classname="backend.tests.test_oversight.TestCaretakerApprovalGating" name="test_pending_caretaker_in_approval_queue" time="0.117" /><testcase classname="backend.tests.test_oversight.TestCaretakerApprovalGating" name="test_pending_caretaker_cannot_update_issue" time="0.201" /><testcase classname="backend.tests.test_oversight.TestCaretakerApprovalGating" name="test_admin_approves_caretaker" time="0.099" /><testcase classname="backend.tests.test_oversight.TestPropertyApprovalFlow" name="test_new_property_in_approval_queue" time="0.102" /><testcase classname="backend.tests.test_oversight.TestPropertyApprovalFlow" name="test_approve_property_makes_it_appear_in_public_listings" time="0.310" /><testcase classname="backend.tests.test_oversight.TestPropertyApprovalFlow" name="test_reject_property_with_reason" time="0.319" /><testcase classname="backend.tests.test_oversight.TestPropertyApprovalFlow" name="test_admin_cannot_approve_landlord_user" time="0.209" /><testcase classname="backend.tests.test_oversight.TestAdminOversightViews" name="test_admin_bills_returns_enriched" time="0.105" /><testcase classname="backend.tests.test_oversight.TestAdminOversightViews" name="test_admin_bills_status_filter" time="0.102" /><testcase classname="backend.tests.test_oversight.TestAdminOversightViews" name="test_admin_issues_returns_enriched" time="0.115" /><testcase classname="backend.tests.test_oversight.TestAdminOversightViews" name="test_admin_issues_status_filter" time="0.103" /><testcase classname="backend.tests.test_oversight.TestAdminOversightViews" name="test_admin_can_read_and_post_in_any_issue_thread" time="0.451" /><testcase classname="backend.tests.test_oversight.TestAdminStatsFields" name="test_stats_includes_new_fields" time="0.111" /><testcase classname="backend.tests.test_oversight.TestLegacyDataMigration" name="test_legacy_listings_still_visible" time="0.109" /><testcase classname="backend.tests.test_oversight.TestLegacyDataMigration" name="test_legacy_listing_detail_returns_200" time="0.205" /><testcase classname="backend.tests.test_oversight.TestOversightAuthorization" name="test_non_admin_cannot_access_approvals" time="0.103" /><testcase classname="backend.tests.test_oversight.TestOversightAuthorization" name="test_non_admin_cannot_access_admin_bills" time="0.108" /><testcase classname="backend.tests.test_oversight.TestOversightAuthorization" name="test_non_admin_cannot_access_admin_issues" time="0.101" /><testcase classname="backend.tests.test_oversight.TestOversightAuthorization" name="test_unauthenticated_blocked_from_approvals" time="0.100" /><testcase classname="backend.tests.test_rental_management" name="test_root" time="0.097" /><testcase classname="backend.tests.test_rental_management" name="test_register_landlord" time="0.321" /><testcase classname="backend.tests.test_rental_management" name="test_register_tenant_rejected" time="0.095" /><testcase classname="backend.tests.test_rental_management" name="test_register_caretaker_rejected" time="0.096" /><testcase classname="backend.tests.test_rental_management" name="test_login_landlord" time="0.327" /><testcase classname="backend.tests.test_rental_management" name="test_login_invalid" time="0.354" /><testcase classname="backend.tests.test_rental_management" name="test_me" time="0.097" /><testcase classname="backend.tests.test_rental_management" name="test_create_property" time="0.108" /><testcase classname="backend.tests.test_rental_management" name="test_list_properties" time="0.097" /><testcase classname="backend.tests.test_rental_management" name="test_create_unit" time="0.107" /><testcase classname="backend.tests.test_rental_management" name="test_create_tenant_assigns_unit" time="0.446" /><testcase classname="backend.tests.test_rental_management" name="test_tenant_login" time="0.322" /><testcase classname="backend.tests.test_rental_management" name="test_create_caretaker" time="0.330" /><testcase classname="backend.tests.test_rental_management" name="test_caretaker_login" time="36.455" /><testcase classname="backend.tests.test_rental_management" name="test_admin_approves_test_entities" time="0.706" /><testcase classname="backend.tests.test_rental_management" name="test_create_manual_bill" time="0.109" /><testcase classname="backend.tests.test_rental_management" name="test_generate_monthly_rent" time="0.103" /><testcase classname="backend.tests.test_rental_management" name="test_generate_monthly_idempotent" time="0.104" /><testcase classname="backend.tests.test_rental_management" name="test_tenant_lists_own_bills" time="0.123" /><testcase classname="backend.tests.test_rental_management" name="test_mpesa_stk_push_demo_mode" time="0.102" /><testcase classname="backend.tests.test_rental_management" name="test_payment_auto_callback_succeeds" time="4.480" /><testcase classname="backend.tests.test_rental_management" name="test_bill_updated_after_payment" time="0.099" /><testcase classname="backend.tests.test_rental_management" name="test_phone_normalization_invalid" time="0.105" /><testcase classname="backend.tests.test_rental_management" name="test_tenant_creates_issue" time="0.100" /><testcase classname="backend.tests.test_rental_management" name="test_landlord_lists_issues_with_enrichment" time="0.101" /><testcase classname="backend.tests.test_rental_management" name="test_landlord_assigns_caretaker" time="0.100" /><testcase classname="backend.tests.test_rental_management" name="test_caretaker_updates_status" time="0.104" /><testcase classname="backend.tests.test_rental_management" name="test_tenant_cannot_update_issue" time="0.101" /><testcase classname="backend.tests.test_rental_management" name="test_issue_messages_thread" time="0.426" /><testcase classname="backend.tests.test_rental_management" name="test_caretaker_resolves_issue" time="0.100" /><testcase classname="backend.tests.test_rental_management" name="test_another_tenant_cannot_see_bills" time="1.313" /><testcase classname="backend.tests.test_rental_management" name="test_dashboard_landlord" time="0.107" /><testcase classname="backend.tests.test_rental_management" name="test_dashboard_tenant" time="0.117" /><testcase classname="backend.tests.test_rental_management" name="test_dashboard_caretaker" time="0.102" /><testcase classname="backend.tests.test_rental_management" name="test_zz_cleanup" time="0.627" /></testsuite></testsuites>