<?xml version="1.0" encoding="utf-8"?><testsuites name="pytest tests"><testsuite name="pytest" errors="0" failures="0" skipped="0" tests="55" time="21.315" timestamp="2026-05-23T06:16:53.120495+00:00" hostname="agent-env-ccc54e5b-9e87-4106-b464-f66cad509e8b"><testcase classname="backend.tests.test_marketplace_viewings" name="test_setup_landlord_and_units" time="1.989" /><testcase classname="backend.tests.test_marketplace_viewings" name="test_public_listings_no_auth" time="0.109" /><testcase classname="backend.tests.test_marketplace_viewings" name="test_public_listings_max_rent_filter" time="0.098" /><testcase classname="backend.tests.test_marketplace_viewings" name="test_public_listing_detail_vacant" time="0.098" /><testcase classname="backend.tests.test_marketplace_viewings" name="test_public_listing_detail_occupied_404" time="0.104" /><testcase classname="backend.tests.test_marketplace_viewings" name="test_register_prospect_role_rejected" time="0.103" /><testcase classname="backend.tests.test_marketplace_viewings" name="test_book_viewing_creates_prospect_and_payment" time="0.321" /><testcase classname="backend.tests.test_marketplace_viewings" name="test_viewing_status_before_payment_hides_contact" time="0.099" /><testcase classname="backend.tests.test_marketplace_viewings" name="test_demo_callback_marks_viewing_scheduled" time="4.569" /><testcase classname="backend.tests.test_marketplace_viewings" name="test_prospect_can_login" time="0.322" /><testcase classname="backend.tests.test_marketplace_viewings" name="test_prospect_my_viewings" time="0.110" /><testcase classname="backend.tests.test_marketplace_viewings" name="test_landlord_sees_viewing_on_their_properties" time="0.118" /><testcase classname="backend.tests.test_marketplace_viewings" name="test_landlord_my_viewings_forbidden" time="0.099" /><testcase classname="backend.tests.test_marketplace_viewings" name="test_prospect_landlord_viewings_forbidden" time="0.116" /><testcase classname="backend.tests.test_marketplace_viewings" name="test_rebook_same_email_reuses_prospect_no_password" time="0.100" /><testcase classname="backend.tests.test_marketplace_viewings" name="test_book_on_occupied_unit_returns_404" time="0.104" /><testcase classname="backend.tests.test_marketplace_viewings" name="test_book_invalid_phone_returns_400" time="0.108" /><testcase classname="backend.tests.test_marketplace_viewings" name="test_prospect_dashboard_stats" time="0.130" /><testcase classname="backend.tests.test_marketplace_viewings" name="test_book_with_landlord_email_rejected" time="0.108" /><testcase classname="backend.tests.test_marketplace_viewings" name="test_zz_cleanup" time="0.072" /><testcase classname="backend.tests.test_rental_management" name="test_root" time="0.105" /><testcase classname="backend.tests.test_rental_management" name="test_register_landlord" time="0.370" /><testcase classname="backend.tests.test_rental_management" name="test_register_tenant_rejected" time="0.104" /><testcase classname="backend.tests.test_rental_management" name="test_register_caretaker_rejected" time="0.127" /><testcase classname="backend.tests.test_rental_management" name="test_login_landlord" time="0.327" /><testcase classname="backend.tests.test_rental_management" name="test_login_invalid" time="0.316" /><testcase classname="backend.tests.test_rental_management" name="test_me" time="0.120" /><testcase classname="backend.tests.test_rental_management" name="test_create_property" time="0.104" /><testcase classname="backend.tests.test_rental_management" name="test_list_properties" time="0.103" /><testcase classname="backend.tests.test_rental_management" name="test_create_unit" time="0.106" /><testcase classname="backend.tests.test_rental_management" name="test_create_tenant_assigns_unit" time="0.435" /><testcase classname="backend.tests.test_rental_management" name="test_tenant_login" time="0.319" /><testcase classname="backend.tests.test_rental_management" name="test_create_caretaker" time="0.319" /><testcase classname="backend.tests.test_rental_management" name="test_caretaker_login" time="0.319" /><testcase classname="backend.tests.test_rental_management" name="test_admin_approves_test_entities" time="0.647" /><testcase classname="backend.tests.test_rental_management" name="test_create_manual_bill" time="0.098" /><testcase classname="backend.tests.test_rental_management" name="test_generate_monthly_rent" time="0.105" /><testcase classname="backend.tests.test_rental_management" name="test_generate_monthly_idempotent" time="0.103" /><testcase classname="backend.tests.test_rental_management" name="test_tenant_lists_own_bills" time="0.102" /><testcase classname="backend.tests.test_rental_management" name="test_mpesa_stk_push_demo_mode" time="0.105" /><testcase classname="backend.tests.test_rental_management" name="test_payment_auto_callback_succeeds" time="4.449" /><testcase classname="backend.tests.test_rental_management" name="test_bill_updated_after_payment" time="0.107" /><testcase classname="backend.tests.test_rental_management" name="test_phone_normalization_invalid" time="0.114" /><testcase classname="backend.tests.test_rental_management" name="test_tenant_creates_issue" time="0.101" /><testcase classname="backend.tests.test_rental_management" name="test_landlord_lists_issues_with_enrichment" time="0.098" /><testcase classname="backend.tests.test_rental_management" name="test_landlord_assigns_caretaker" time="0.105" /><testcase classname="backend.tests.test_rental_management" name="test_caretaker_updates_status" time="0.100" /><testcase classname="backend.tests.test_rental_management" name="test_tenant_cannot_update_issue" time="0.099" /><testcase classname="backend.tests.test_rental_management" name="test_issue_messages_thread" time="0.430" /><testcase classname="backend.tests.test_rental_management" name="test_caretaker_resolves_issue" time="0.103" /><testcase classname="backend.tests.test_rental_management" name="test_another_tenant_cannot_see_bills" time="1.261" /><testcase classname="backend.tests.test_rental_management" name="test_dashboard_landlord" time="0.143" /><testcase classname="backend.tests.test_rental_management" name="test_dashboard_tenant" time="0.123" /><testcase classname="backend.tests.test_rental_management" name="test_dashboard_caretaker" time="0.104" /><testcase classname="backend.tests.test_rental_management" name="test_zz_cleanup" time="0.617" /></testsuite></testsuites>