<?xml version="1.0" encoding="utf-8"?><testsuites name="pytest tests"><testsuite name="pytest" errors="0" failures="1" skipped="0" tests="20" time="8.720" timestamp="2026-05-23T04:32:24.047277+00:00" hostname="agent-env-ccc54e5b-9e87-4106-b464-f66cad509e8b"><testcase classname="backend.tests.test_marketplace_viewings" name="test_setup_landlord_and_units" time="1.440" /><testcase classname="backend.tests.test_marketplace_viewings" name="test_public_listings_no_auth" time="0.108" /><testcase classname="backend.tests.test_marketplace_viewings" name="test_public_listings_max_rent_filter" time="0.101" /><testcase classname="backend.tests.test_marketplace_viewings" name="test_public_listing_detail_vacant" time="0.101" /><testcase classname="backend.tests.test_marketplace_viewings" name="test_public_listing_detail_occupied_404" time="0.105" /><testcase classname="backend.tests.test_marketplace_viewings" name="test_register_prospect_role_rejected" time="0.316"><failure message="AssertionError: Public registration of role=prospect was accepted. Per spec, prospects must only be created via booking flow.&#10;assert 200 != 200&#10; +  where 200 = &lt;Response [200]&gt;.status_code">backend/tests/test_marketplace_viewings.py:169: in test_register_prospect_role_rejected
    assert r.status_code != 200, (
E   AssertionError: Public registration of role=prospect was accepted. Per spec, prospects must only be created via booking flow.
E   assert 200 != 200
E    +  where 200 = &lt;Response [200]&gt;.status_code</failure></testcase><testcase classname="backend.tests.test_marketplace_viewings" name="test_book_viewing_creates_prospect_and_payment" time="0.338" /><testcase classname="backend.tests.test_marketplace_viewings" name="test_viewing_status_before_payment_hides_contact" time="0.124" /><testcase classname="backend.tests.test_marketplace_viewings" name="test_demo_callback_marks_viewing_scheduled" time="4.600" /><testcase classname="backend.tests.test_marketplace_viewings" name="test_prospect_can_login" time="0.326" /><testcase classname="backend.tests.test_marketplace_viewings" name="test_prospect_my_viewings" time="0.115" /><testcase classname="backend.tests.test_marketplace_viewings" name="test_landlord_sees_viewing_on_their_properties" time="0.114" /><testcase classname="backend.tests.test_marketplace_viewings" name="test_landlord_my_viewings_forbidden" time="0.107" /><testcase classname="backend.tests.test_marketplace_viewings" name="test_prospect_landlord_viewings_forbidden" time="0.102" /><testcase classname="backend.tests.test_marketplace_viewings" name="test_rebook_same_email_reuses_prospect_no_password" time="0.098" /><testcase classname="backend.tests.test_marketplace_viewings" name="test_book_on_occupied_unit_returns_404" time="0.105" /><testcase classname="backend.tests.test_marketplace_viewings" name="test_book_invalid_phone_returns_400" time="0.091" /><testcase classname="backend.tests.test_marketplace_viewings" name="test_prospect_dashboard_stats" time="0.102" /><testcase classname="backend.tests.test_marketplace_viewings" name="test_book_with_landlord_email_rejected" time="0.133" /><testcase classname="backend.tests.test_marketplace_viewings" name="test_zz_cleanup" time="0.078" /></testsuite></testsuites>