<?xml version="1.0" encoding="utf-8"?><testsuites name="pytest tests"><testsuite name="pytest" errors="0" failures="0" skipped="0" tests="20" time="8.480" timestamp="2026-05-23T04:40:31.891187+00:00" hostname="agent-env-ccc54e5b-9e87-4106-b464-f66cad509e8b"><testcase classname="backend.tests.test_marketplace_viewings" name="test_setup_landlord_and_units" time="1.569" /><testcase classname="backend.tests.test_marketplace_viewings" name="test_public_listings_no_auth" time="0.124" /><testcase classname="backend.tests.test_marketplace_viewings" name="test_public_listings_max_rent_filter" time="0.102" /><testcase classname="backend.tests.test_marketplace_viewings" name="test_public_listing_detail_vacant" time="0.097" /><testcase classname="backend.tests.test_marketplace_viewings" name="test_public_listing_detail_occupied_404" time="0.099" /><testcase classname="backend.tests.test_marketplace_viewings" name="test_register_prospect_role_rejected" time="0.106" /><testcase classname="backend.tests.test_marketplace_viewings" name="test_book_viewing_creates_prospect_and_payment" time="0.348" /><testcase classname="backend.tests.test_marketplace_viewings" name="test_viewing_status_before_payment_hides_contact" time="0.101" /><testcase classname="backend.tests.test_marketplace_viewings" name="test_demo_callback_marks_viewing_scheduled" time="4.543" /><testcase classname="backend.tests.test_marketplace_viewings" name="test_prospect_can_login" time="0.323" /><testcase classname="backend.tests.test_marketplace_viewings" name="test_prospect_my_viewings" time="0.107" /><testcase classname="backend.tests.test_marketplace_viewings" name="test_landlord_sees_viewing_on_their_properties" time="0.100" /><testcase classname="backend.tests.test_marketplace_viewings" name="test_landlord_my_viewings_forbidden" time="0.101" /><testcase classname="backend.tests.test_marketplace_viewings" name="test_prospect_landlord_viewings_forbidden" time="0.095" /><testcase classname="backend.tests.test_marketplace_viewings" name="test_rebook_same_email_reuses_prospect_no_password" time="0.111" /><testcase classname="backend.tests.test_marketplace_viewings" name="test_book_on_occupied_unit_returns_404" time="0.103" /><testcase classname="backend.tests.test_marketplace_viewings" name="test_book_invalid_phone_returns_400" time="0.105" /><testcase classname="backend.tests.test_marketplace_viewings" name="test_prospect_dashboard_stats" time="0.096" /><testcase classname="backend.tests.test_marketplace_viewings" name="test_book_with_landlord_email_rejected" time="0.101" /><testcase classname="backend.tests.test_marketplace_viewings" name="test_zz_cleanup" time="0.080" /></testsuite></testsuites>