<?xml version="1.0" encoding="utf-8"?><testsuites name="pytest tests"><testsuite name="pytest" errors="0" failures="0" skipped="0" tests="30" time="59.369" timestamp="2026-05-25T15:49:09.899436+00:00" hostname="agent-env-ccc54e5b-9e87-4106-b464-f66cad509e8b"><testcase classname="backend.tests.test_phase234.TestAnnouncements" name="test_landlord_post_property" time="0.613" /><testcase classname="backend.tests.test_phase234.TestAnnouncements" name="test_landlord_cannot_post_global" time="0.123" /><testcase classname="backend.tests.test_phase234.TestAnnouncements" name="test_admin_can_post_global" time="0.451" /><testcase classname="backend.tests.test_phase234.TestAnnouncements" name="test_image_too_large_rejected" time="0.370" /><testcase classname="backend.tests.test_phase234.TestAnnouncements" name="test_docx_rejected" time="0.124" /><testcase classname="backend.tests.test_phase234.TestAnnouncements" name="test_list_admin_sees_all" time="0.104" /><testcase classname="backend.tests.test_phase234.TestAnnouncements" name="test_pin_toggle_and_delete" time="0.321" /><testcase classname="backend.tests.test_phase234.TestForum" name="test_landlord_creates_thread" time="0.116" /><testcase classname="backend.tests.test_phase234.TestForum" name="test_landlord_lists_own" time="0.106" /><testcase classname="backend.tests.test_phase234.TestForum" name="test_admin_lists_all" time="0.109" /><testcase classname="backend.tests.test_phase234.TestForum" name="test_landlord_reply_bumps_count" time="0.244" /><testcase classname="backend.tests.test_phase234.TestForum" name="test_lock_and_locked_blocks_reply" time="0.242" /><testcase classname="backend.tests.test_phase234.TestForum" name="test_delete_thread_cascades" time="0.129" /><testcase classname="backend.tests.test_phase234.TestYardSale" name="test_landlord_create_listing" time="0.109" /><testcase classname="backend.tests.test_phase234.TestYardSale" name="test_invalid_category_400" time="0.132" /><testcase classname="backend.tests.test_phase234.TestYardSale" name="test_list_and_filter" time="0.119" /><testcase classname="backend.tests.test_phase234.TestYardSale" name="test_update_listing" time="0.104" /><testcase classname="backend.tests.test_phase234.TestYardSale" name="test_admin_can_edit_other" time="0.109" /><testcase classname="backend.tests.test_phase234.TestYardSale" name="test_feature_payment_demo_flow" time="6.373" /><testcase classname="backend.tests.test_phase234.TestYardSale" name="test_cleanup_yardsale" time="0.247" /><testcase classname="backend.tests.test_phase234.TestNotifications" name="test_landlord_notifications_shape" time="0.122" /><testcase classname="backend.tests.test_phase234.TestNotifications" name="test_mark_all_read" time="0.215" /><testcase classname="backend.tests.test_phase234.TestLeases" name="test_create_lease_requires_tenant" time="27.935" /><testcase classname="backend.tests.test_phase234.TestLeases" name="test_tenant_sees_lease" time="0.128" /><testcase classname="backend.tests.test_phase234.TestLeases" name="test_tenant_sign" time="0.234" /><testcase classname="backend.tests.test_phase234.TestLeases" name="test_cannot_cancel_signed" time="0.132" /><testcase classname="backend.tests.test_phase234.TestVisitors" name="test_tenant_create_pass" time="0.162" /><testcase classname="backend.tests.test_phase234.TestVisitors" name="test_caretaker_scan" time="19.850" /><testcase classname="backend.tests.test_phase234.TestVisitors" name="test_double_scan_400" time="0.113" /><testcase classname="backend.tests.test_phase234.TestAI" name="test_recommend_returns_structure" time="0.115" /></testsuite></testsuites>