<?xml version="1.0" encoding="utf-8"?><testsuites name="pytest tests"><testsuite name="pytest" errors="0" failures="0" skipped="0" tests="19" time="6.462" timestamp="2026-05-25T15:19:45.345977+00:00" hostname="agent-env-ccc54e5b-9e87-4106-b464-f66cad509e8b"><testcase classname="backend.tests.test_phase1_properties.TestCreateProperty" name="test_create_property_multipart_with_image_and_category" time="0.991" /><testcase classname="backend.tests.test_phase1_properties.TestCreateProperty" name="test_create_property_invalid_category_returns_400" time="0.118" /><testcase classname="backend.tests.test_phase1_properties.TestCreateProperty" name="test_create_property_defaults_to_apartment_when_category_omitted" time="0.113" /><testcase classname="backend.tests.test_phase1_properties.TestCreateProperty" name="test_image_url_is_accessible_via_backend" time="0.142" /><testcase classname="backend.tests.test_phase1_properties.TestUpdateProperty" name="test_landlord_can_edit_own" time="0.153" /><testcase classname="backend.tests.test_phase1_properties.TestUpdateProperty" name="test_landlord_featured_field_silently_ignored" time="0.166" /><testcase classname="backend.tests.test_phase1_properties.TestUpdateProperty" name="test_non_owner_landlord_gets_404" time="0.818" /><testcase classname="backend.tests.test_phase1_properties.TestUpdateProperty" name="test_admin_can_set_featured_and_edit_anyone" time="0.439" /><testcase classname="backend.tests.test_phase1_properties.TestUpdateProperty" name="test_admin_invalid_category_400" time="0.118" /><testcase classname="backend.tests.test_phase1_properties.TestPublicListings" name="test_public_listings_returns_category_featured" time="0.983" /><testcase classname="backend.tests.test_phase1_properties.TestPublicListings" name="test_featured_sorts_first" time="0.114" /><testcase classname="backend.tests.test_phase1_properties.TestPublicListings" name="test_category_filter" time="0.135" /><testcase classname="backend.tests.test_phase1_properties.TestPublicListings" name="test_public_listing_detail" time="0.156" /><testcase classname="backend.tests.test_phase1_properties.TestAdminProperties" name="test_admin_list_all" time="0.131" /><testcase classname="backend.tests.test_phase1_properties.TestAdminProperties" name="test_landlord_forbidden_from_admin_endpoint" time="0.100" /><testcase classname="backend.tests.test_phase1_properties.TestDeleteProperty" name="test_landlord_delete_own_cascades_units" time="0.549" /><testcase classname="backend.tests.test_phase1_properties.TestDeleteProperty" name="test_other_landlord_cannot_delete" time="0.211" /><testcase classname="backend.tests.test_phase1_properties.TestDeleteProperty" name="test_admin_can_delete_any" time="0.226" /><testcase classname="backend.tests.test_phase1_properties" name="test_zz_cleanup" time="0.696" /></testsuite></testsuites>