<?xml version="1.0" encoding="utf-8"?><testsuites name="pytest tests"><testsuite name="pytest" errors="0" failures="0" skipped="0" tests="34" time="11.828" timestamp="2026-05-23T04:43:23.589715+00:00" hostname="agent-env-ccc54e5b-9e87-4106-b464-f66cad509e8b"><testcase classname="backend.tests.test_rental_management" name="test_root" time="0.137" /><testcase classname="backend.tests.test_rental_management" name="test_register_landlord" time="0.374" /><testcase classname="backend.tests.test_rental_management" name="test_register_tenant_rejected" time="0.122" /><testcase classname="backend.tests.test_rental_management" name="test_register_caretaker_rejected" time="0.137" /><testcase classname="backend.tests.test_rental_management" name="test_login_landlord" time="0.334" /><testcase classname="backend.tests.test_rental_management" name="test_login_invalid" time="0.321" /><testcase classname="backend.tests.test_rental_management" name="test_me" time="0.102" /><testcase classname="backend.tests.test_rental_management" name="test_create_property" time="0.101" /><testcase classname="backend.tests.test_rental_management" name="test_list_properties" time="0.103" /><testcase classname="backend.tests.test_rental_management" name="test_create_unit" time="0.110" /><testcase classname="backend.tests.test_rental_management" name="test_create_tenant_assigns_unit" time="0.427" /><testcase classname="backend.tests.test_rental_management" name="test_tenant_login" time="0.326" /><testcase classname="backend.tests.test_rental_management" name="test_create_caretaker" time="0.322" /><testcase classname="backend.tests.test_rental_management" name="test_caretaker_login" time="0.322" /><testcase classname="backend.tests.test_rental_management" name="test_create_manual_bill" time="0.117" /><testcase classname="backend.tests.test_rental_management" name="test_generate_monthly_rent" time="0.098" /><testcase classname="backend.tests.test_rental_management" name="test_generate_monthly_idempotent" time="0.095" /><testcase classname="backend.tests.test_rental_management" name="test_tenant_lists_own_bills" time="0.103" /><testcase classname="backend.tests.test_rental_management" name="test_mpesa_stk_push_demo_mode" time="0.112" /><testcase classname="backend.tests.test_rental_management" name="test_payment_auto_callback_succeeds" time="4.446" /><testcase classname="backend.tests.test_rental_management" name="test_bill_updated_after_payment" time="0.099" /><testcase classname="backend.tests.test_rental_management" name="test_phone_normalization_invalid" time="0.099" /><testcase classname="backend.tests.test_rental_management" name="test_tenant_creates_issue" time="0.103" /><testcase classname="backend.tests.test_rental_management" name="test_landlord_lists_issues_with_enrichment" time="0.118" /><testcase classname="backend.tests.test_rental_management" name="test_landlord_assigns_caretaker" time="0.106" /><testcase classname="backend.tests.test_rental_management" name="test_caretaker_updates_status" time="0.106" /><testcase classname="backend.tests.test_rental_management" name="test_tenant_cannot_update_issue" time="0.100" /><testcase classname="backend.tests.test_rental_management" name="test_issue_messages_thread" time="0.442" /><testcase classname="backend.tests.test_rental_management" name="test_caretaker_resolves_issue" time="0.110" /><testcase classname="backend.tests.test_rental_management" name="test_another_tenant_cannot_see_bills" time="1.293" /><testcase classname="backend.tests.test_rental_management" name="test_dashboard_landlord" time="0.101" /><testcase classname="backend.tests.test_rental_management" name="test_dashboard_tenant" time="0.127" /><testcase classname="backend.tests.test_rental_management" name="test_dashboard_caretaker" time="0.100" /><testcase classname="backend.tests.test_rental_management" name="test_zz_cleanup" time="0.639" /></testsuite></testsuites>