<?xml version="1.0" encoding="utf-8"?><testsuites name="pytest tests"><testsuite name="pytest" errors="0" failures="0" skipped="0" tests="34" time="69.301" timestamp="2026-05-23T03:42:14.811985+00:00" hostname="agent-env-ccc54e5b-9e87-4106-b464-f66cad509e8b"><testcase classname="backend.tests.test_rental_management" name="test_root" time="36.304" /><testcase classname="backend.tests.test_rental_management" name="test_register_landlord" time="0.383" /><testcase classname="backend.tests.test_rental_management" name="test_register_tenant_rejected" time="0.140" /><testcase classname="backend.tests.test_rental_management" name="test_register_caretaker_rejected" time="0.162" /><testcase classname="backend.tests.test_rental_management" name="test_login_landlord" time="19.898" /><testcase classname="backend.tests.test_rental_management" name="test_login_invalid" time="0.351" /><testcase classname="backend.tests.test_rental_management" name="test_me" time="0.147" /><testcase classname="backend.tests.test_rental_management" name="test_create_property" time="0.124" /><testcase classname="backend.tests.test_rental_management" name="test_list_properties" time="0.141" /><testcase classname="backend.tests.test_rental_management" name="test_create_unit" time="0.110" /><testcase classname="backend.tests.test_rental_management" name="test_create_tenant_assigns_unit" time="0.428" /><testcase classname="backend.tests.test_rental_management" name="test_tenant_login" time="0.324" /><testcase classname="backend.tests.test_rental_management" name="test_create_caretaker" time="0.329" /><testcase classname="backend.tests.test_rental_management" name="test_caretaker_login" time="0.340" /><testcase classname="backend.tests.test_rental_management" name="test_create_manual_bill" time="0.101" /><testcase classname="backend.tests.test_rental_management" name="test_generate_monthly_rent" time="0.132" /><testcase classname="backend.tests.test_rental_management" name="test_generate_monthly_idempotent" time="0.117" /><testcase classname="backend.tests.test_rental_management" name="test_tenant_lists_own_bills" time="0.106" /><testcase classname="backend.tests.test_rental_management" name="test_mpesa_stk_push_demo_mode" time="0.125" /><testcase classname="backend.tests.test_rental_management" name="test_payment_auto_callback_succeeds" time="4.444" /><testcase classname="backend.tests.test_rental_management" name="test_bill_updated_after_payment" time="0.103" /><testcase classname="backend.tests.test_rental_management" name="test_phone_normalization_invalid" time="0.118" /><testcase classname="backend.tests.test_rental_management" name="test_tenant_creates_issue" time="0.131" /><testcase classname="backend.tests.test_rental_management" name="test_landlord_lists_issues_with_enrichment" time="0.106" /><testcase classname="backend.tests.test_rental_management" name="test_landlord_assigns_caretaker" time="0.124" /><testcase classname="backend.tests.test_rental_management" name="test_caretaker_updates_status" time="0.159" /><testcase classname="backend.tests.test_rental_management" name="test_tenant_cannot_update_issue" time="0.164" /><testcase classname="backend.tests.test_rental_management" name="test_issue_messages_thread" time="0.451" /><testcase classname="backend.tests.test_rental_management" name="test_caretaker_resolves_issue" time="0.102" /><testcase classname="backend.tests.test_rental_management" name="test_another_tenant_cannot_see_bills" time="1.406" /><testcase classname="backend.tests.test_rental_management" name="test_dashboard_landlord" time="0.111" /><testcase classname="backend.tests.test_rental_management" name="test_dashboard_tenant" time="0.103" /><testcase classname="backend.tests.test_rental_management" name="test_dashboard_caretaker" time="0.101" /><testcase classname="backend.tests.test_rental_management" name="test_zz_cleanup" time="1.730" /></testsuite></testsuites>