<?xml version="1.0" encoding="utf-8"?><testsuites name="pytest tests"><testsuite name="pytest" errors="0" failures="0" skipped="0" tests="16" time="27.473" timestamp="2026-05-27T06:44:03.763237+00:00" hostname="agent-env-ccc54e5b-9e87-4106-b464-f66cad509e8b"><testcase classname="backend.tests.test_round2.TestCreateListingDefaults" name="test_new_listing_defaults" time="2.243" /><testcase classname="backend.tests.test_round2.TestCreateListingDefaults" name="test_invalid_scope_rejected" time="0.114" /><testcase classname="backend.tests.test_round2.TestMasking" name="test_admin_sees_phone" time="0.162" /><testcase classname="backend.tests.test_round2.TestMasking" name="test_owner_sees_phone" time="0.129" /><testcase classname="backend.tests.test_round2.TestMasking" name="test_landlord_a_sees_listing_masked" time="0.111" /><testcase classname="backend.tests.test_round2.TestMasking" name="test_cross_landlord_tenant_cannot_see" time="2.136" /><testcase classname="backend.tests.test_round2.TestMasking" name="test_cross_landlord_tenant_not_in_list" time="0.117" /><testcase classname="backend.tests.test_round2.TestUnlockContact" name="test_other_user_cannot_unlock" time="0.115" /><testcase classname="backend.tests.test_round2.TestUnlockContact" name="test_unlock_flow" time="7.239" /><testcase classname="backend.tests.test_round2.TestUnlockContact" name="test_already_unlocked_400" time="0.106" /><testcase classname="backend.tests.test_round2.TestBroadcast" name="test_aa_other_user_cannot_broadcast" time="0.103" /><testcase classname="backend.tests.test_round2.TestBroadcast" name="test_broadcast_flow" time="7.240" /><testcase classname="backend.tests.test_round2.TestBroadcast" name="test_already_broadcast_400" time="0.104" /><testcase classname="backend.tests.test_round2.TestFeature" name="test_feature_flow" time="7.240" /><testcase classname="backend.tests.test_round2.TestFeature" name="test_other_user_cannot_feature" time="0.116" /><testcase classname="backend.tests.test_round2.TestMigration" name="test_all_listings_have_scope_and_contact_unlocked" time="0.104" /></testsuite></testsuites>