<?xml version="1.0" encoding="utf-8"?><testsuites name="pytest tests"><testsuite name="pytest" errors="0" failures="1" skipped="3" tests="11" time="43.290" timestamp="2026-05-28T10:02:59.258819+00:00" hostname="agent-env-ccc54e5b-9e87-4106-b464-f66cad509e8b"><testcase classname="backend.tests.test_round7" name="test_public_settings_returns_flat_33" time="0.477" /><testcase classname="backend.tests.test_round7" name="test_stk_push_charges_flat_33[rent-25000.0]" time="31.269" /><testcase classname="backend.tests.test_round7" name="test_stk_push_charges_flat_33[water-1500.0]" time="0.552"><skipped type="pytest.skip" message="Safaricom sandbox unavailable for water: {&quot;detail&quot;:&quot;M-Pesa request failed: Server error '500 Internal Server Error' for url 'https://sandbox.safaricom.co.ke/mpesa/stkpush/v1/processrequest'\nFor more information check: https://developer.mozilla.org/en-US/docs/Web/HTTP/Status/500&quot;}">/app/backend/tests/test_round7.py:105: Safaricom sandbox unavailable for water: {"detail":"M-Pesa request failed: Server error '500 Internal Server Error' for url 'https://sandbox.safaricom.co.ke/mpesa/stkpush/v1/processrequest'\nFor more information check: https://developer.mozilla.org/en-US/docs/Web/HTTP/Status/500"}</skipped></testcase><testcase classname="backend.tests.test_round7" name="test_stk_push_charges_flat_33[electricity-3200.0]" time="4.368" /><testcase classname="backend.tests.test_round7" name="test_stk_push_charges_flat_33[service-800.0]" time="4.181"><skipped type="pytest.skip" message="Safaricom sandbox unavailable for service: {&quot;detail&quot;:&quot;M-Pesa request failed: Server error '500 Internal Server Error' for url 'https://sandbox.safaricom.co.ke/mpesa/stkpush/v1/processrequest'\nFor more information check: https://developer.mozilla.org/en-US/docs/Web/HTTP/Status/500&quot;}">/app/backend/tests/test_round7.py:105: Safaricom sandbox unavailable for service: {"detail":"M-Pesa request failed: Server error '500 Internal Server Error' for url 'https://sandbox.safaricom.co.ke/mpesa/stkpush/v1/processrequest'\nFor more information check: https://developer.mozilla.org/en-US/docs/Web/HTTP/Status/500"}</skipped></testcase><testcase classname="backend.tests.test_round7" name="test_stk_push_charges_flat_33[other-500.0]" time="0.640"><skipped type="pytest.skip" message="Safaricom sandbox unavailable for other: {&quot;detail&quot;:&quot;M-Pesa request failed: Server error '500 Internal Server Error' for url 'https://sandbox.safaricom.co.ke/mpesa/stkpush/v1/processrequest'\nFor more information check: https://developer.mozilla.org/en-US/docs/Web/HTTP/Status/500&quot;}">/app/backend/tests/test_round7.py:105: Safaricom sandbox unavailable for other: {"detail":"M-Pesa request failed: Server error '500 Internal Server Error' for url 'https://sandbox.safaricom.co.ke/mpesa/stkpush/v1/processrequest'\nFor more information check: https://developer.mozilla.org/en-US/docs/Web/HTTP/Status/500"}</skipped></testcase><testcase classname="backend.tests.test_round7" name="test_pending_confirmations_lists_submitted_bill" time="0.485" /><testcase classname="backend.tests.test_round7" name="test_request_info_requires_message" time="0.217" /><testcase classname="backend.tests.test_round7" name="test_tenant_sees_info_request_message" time="0.111"><failure message="AssertionError: status should stay awaiting_landlord_confirmation after request-info, got pending&#10;assert 'pending' == 'awaiting_lan..._confirmation'&#10;  &#10;  - awaiting_landlord_confirmation&#10;  + pending">backend/tests/test_round7.py:198: in test_tenant_sees_info_request_message
    assert target.get("status") == "awaiting_landlord_confirmation", \
E   AssertionError: status should stay awaiting_landlord_confirmation after request-info, got pending
E   assert 'pending' == 'awaiting_lan..._confirmation'
E     
E     - awaiting_landlord_confirmation
E     + pending</failure></testcase><testcase classname="backend.tests.test_round7" name="test_reject_clears_receipt_and_stores_reason" time="0.439" /><testcase classname="backend.tests.test_round7" name="test_confirm_flips_to_paid" time="0.434" /></testsuite></testsuites>