<?xml version="1.0" encoding="utf-8"?><testsuites name="pytest tests"><testsuite name="pytest" errors="0" failures="0" skipped="0" tests="26" time="37.729" timestamp="2026-05-27T12:12:42.142120+00:00" hostname="agent-env-ccc54e5b-9e87-4106-b464-f66cad509e8b"><testcase classname="backend.tests.test_round4.TestSecurityAutoApprove" name="test_seeded_security_can_login" time="0.489" /><testcase classname="backend.tests.test_round4.TestSecurityAutoApprove" name="test_create_security_auto_approved" time="1.038" /><testcase classname="backend.tests.test_round4.TestSecurityAutoApprove" name="test_admin_approvals_security_empty" time="0.446" /><testcase classname="backend.tests.test_round4.TestAdminResetCredentials" name="test_reset_empty_body_400" time="0.797" /><testcase classname="backend.tests.test_round4.TestAdminResetCredentials" name="test_reset_password_returns_new_password" time="1.364" /><testcase classname="backend.tests.test_round4.TestAdminResetCredentials" name="test_reset_email_changes_email" time="1.122" /><testcase classname="backend.tests.test_round4.TestAdminResetCredentials" name="test_reset_non_admin_403" time="0.243" /><testcase classname="backend.tests.test_round4.TestAdminResetCredentials" name="test_reset_self_400" time="0.226" /><testcase classname="backend.tests.test_round4.TestAdminResetCredentials" name="test_audit_log_admin_only" time="0.215" /><testcase classname="backend.tests.test_round4.TestYardSalePayment" name="test_create_listing_requires_phone" time="0.437" /><testcase classname="backend.tests.test_round4.TestYardSalePayment" name="test_create_listing_with_phone_pending_payment" time="2.318" /><testcase classname="backend.tests.test_round4.TestYardSalePayment" name="test_pending_listing_hidden_from_others" time="1.725" /><testcase classname="backend.tests.test_round4.TestYardSalePayment" name="test_callback_flips_to_active" time="18.645" /><testcase classname="backend.tests.test_round4.TestPublicPassViewer" name="test_invalid_token_404" time="0.111" /><testcase classname="backend.tests.test_round4.TestPublicPassViewer" name="test_valid_pass_returns_qr" time="0.297" /><testcase classname="backend.tests.test_round4.TestMarketplaceFilter" name="test_lease_filter" time="0.104" /><testcase classname="backend.tests.test_round4.TestMarketplaceFilter" name="test_rental_filter" time="0.108" /><testcase classname="backend.tests.test_round4.TestAdminExports" name="test_all_export_combinations_admin" time="3.040" /><testcase classname="backend.tests.test_round4.TestAdminExports" name="test_export_non_admin_403" time="0.101" /><testcase classname="backend.tests.test_round4.TestResetCredentialsFixes" name="test_reset_empty_body_400_exact_message" time="0.444" /><testcase classname="backend.tests.test_round4.TestResetCredentialsFixes" name="test_reset_only_new_email_no_password_change" time="0.766" /><testcase classname="backend.tests.test_round4.TestResetCredentialsFixes" name="test_reset_idempotency_twice" time="2.012" /><testcase classname="backend.tests.test_round4.TestTenancyTypeExposed" name="test_lease_tenant_login_has_tenancy_type_lease" time="0.324" /><testcase classname="backend.tests.test_round4.TestTenancyTypeExposed" name="test_rental_tenant_login_has_tenancy_type_rental" time="0.334" /><testcase classname="backend.tests.test_round4.TestTenancyTypeExposed" name="test_lease_tenant_me_has_tenancy_type" time="0.451" /><testcase classname="backend.tests.test_round4.TestTenancyTypeExposed" name="test_rental_tenant_me_has_tenancy_type" time="0.444" /></testsuite></testsuites>