<?xml version="1.0" encoding="utf-8"?><testsuites name="pytest tests"><testsuite name="pytest" errors="0" failures="0" skipped="0" tests="17" time="32.321" timestamp="2026-05-27T07:17:41.062452+00:00" hostname="agent-env-ccc54e5b-9e87-4106-b464-f66cad509e8b"><testcase classname="backend.tests.test_round3.TestSocialReactions" name="test_react_toggle_on_announcement" time="1.214" /><testcase classname="backend.tests.test_round3.TestSocialReactions" name="test_list_reactions_returns_my_reaction" time="0.320" /><testcase classname="backend.tests.test_round3.TestAnnouncementViews" name="test_view_recorded_and_403_for_non_author" time="0.524" /><testcase classname="backend.tests.test_round3.TestAIChat" name="test_chat_creates_session_and_appends" time="11.770" /><testcase classname="backend.tests.test_round3.TestAIChat" name="test_non_owner_gets_403" time="3.496" /><testcase classname="backend.tests.test_round3.TestAIChat" name="test_admin_list_all_conversations" time="0.214" /><testcase classname="backend.tests.test_round3.TestAdminModeration" name="test_summary" time="0.208" /><testcase classname="backend.tests.test_round3.TestAdminModeration" name="test_admin_list_endpoints[yard-sale]" time="0.200" /><testcase classname="backend.tests.test_round3.TestAdminModeration" name="test_admin_list_endpoints[announcements]" time="0.210" /><testcase classname="backend.tests.test_round3.TestAdminModeration" name="test_admin_list_endpoints[forum/threads]" time="0.219" /><testcase classname="backend.tests.test_round3.TestAdminModeration" name="test_admin_list_endpoints[viewings]" time="0.220" /><testcase classname="backend.tests.test_round3.TestAdminModeration" name="test_admin_list_endpoints[visitor-passes]" time="0.215" /><testcase classname="backend.tests.test_round3.TestAdminModeration" name="test_admin_list_endpoints[issues]" time="0.211" /><testcase classname="backend.tests.test_round3.TestAdminModeration" name="test_admin_list_endpoints[leases]" time="0.199" /><testcase classname="backend.tests.test_round3.TestAdminModeration" name="test_delete_throwaway_announcement_cascades" time="0.520" /><testcase classname="backend.tests.test_round3.TestAdminModeration" name="test_delete_throwaway_ai_conversation" time="3.550" /><testcase classname="backend.tests.test_round3.TestProspectQRPass" name="test_prospect_can_list_passes_after_viewing_payment" time="8.937" /></testsuite></testsuites>