<?xml version="1.0" encoding="utf-8"?><testsuites name="pytest tests"><testsuite name="pytest" errors="0" failures="0" skipped="4" tests="14" time="101.211" timestamp="2026-05-27T17:10:57.801594+00:00" hostname="agent-env-ccc54e5b-9e87-4106-b464-f66cad509e8b"><testcase classname="backend.tests.test_round6.TestCheckCancelEndpoints" name="test_cancel_nonexistent_payment" time="1.568" /><testcase classname="backend.tests.test_round6.TestCheckCancelEndpoints" name="test_check_nonexistent_payment" time="0.100" /><testcase classname="backend.tests.test_round6.TestCheckCancelEndpoints" name="test_full_cancel_flow" time="2.733" /><testcase classname="backend.tests.test_round6.TestCheckCancelEndpoints" name="test_cancel_auth_other_tenant_forbidden" time="20.670"><skipped type="pytest.skip" message="STK push didn't yield pending payment: 502">/app/backend/tests/test_round6.py:129: STK push didn't yield pending payment: 502</skipped></testcase><testcase classname="backend.tests.test_round6.TestCheckCancelEndpoints" name="test_check_auth_landlord_and_admin_allowed" time="18.063"><skipped type="pytest.skip" message="STK push didn't yield pending: 502">/app/backend/tests/test_round6.py:142: STK push didn't yield pending: 502</skipped></testcase><testcase classname="backend.tests.test_round6.TestFailureNotification" name="test_stk_push_502_marks_payment_failed_and_notifies" time="17.953" /><testcase classname="backend.tests.test_round6.TestFailureNotification" name="test_stk_push_502_creates_failure_notification" time="1.542" /><testcase classname="backend.tests.test_round6.TestFailureNotification" name="test_callback_failure_creates_notification" time="18.218"><skipped type="pytest.skip" message="Need successful pending STK to exercise callback (got 502)">/app/backend/tests/test_round6.py:208: Need successful pending STK to exercise callback (got 502)</skipped></testcase><testcase classname="backend.tests.test_round6.TestCallbackIdempotency" name="test_late_callback_does_not_revive_failed_payment" time="18.007"><skipped type="pytest.skip" message="Need pending payment: 502">/app/backend/tests/test_round6.py:247: Need pending payment: 502</skipped></testcase><testcase classname="backend.tests.test_round6.TestNonRentBillTypes" name="test_stk_push_for_bill_type[water]" time="0.576" /><testcase classname="backend.tests.test_round6.TestNonRentBillTypes" name="test_stk_push_for_bill_type[electricity]" time="0.545" /><testcase classname="backend.tests.test_round6.TestNonRentBillTypes" name="test_stk_push_for_bill_type[service]" time="0.544" /><testcase classname="backend.tests.test_round6.TestNonRentBillTypes" name="test_stk_push_for_bill_type[other]" time="0.604" /><testcase classname="backend.tests.test_round6.TestDemoFallbackOff" name="test_env_var_false" time="0.000" /></testsuite></testsuites>