<?xml version="1.0" encoding="utf-8"?><testsuites name="pytest tests"><testsuite name="pytest" errors="0" failures="0" skipped="0" tests="21" time="16.771" timestamp="2026-05-27T06:12:08.764618+00:00" hostname="agent-env-ccc54e5b-9e87-4106-b464-f66cad509e8b"><testcase classname="tests.test_round1.TestPropertyValidation" name="test_invalid_category" time="0.465" /><testcase classname="tests.test_round1.TestPropertyValidation" name="test_invalid_sub_type" time="0.100" /><testcase classname="tests.test_round1.TestPropertyValidation" name="test_invalid_tenancy_types" time="0.100" /><testcase classname="tests.test_round1.TestPropertyValidation" name="test_valid_own_compound_no_sub_type" time="0.199" /><testcase classname="tests.test_round1.TestPropertyValidation" name="test_patch_update_sub_type_and_tenancy" time="0.298" /><testcase classname="tests.test_round1.TestPropertyValidation" name="test_patch_empty_tenancy_rejected" time="0.098" /><testcase classname="tests.test_round1.TestTenantTenancyType" name="test_tenant_create_with_invalid_tenancy_type" time="0.216" /><testcase classname="tests.test_round1.TestTenantTenancyType" name="test_tenant_create_with_valid_tenancy_type" time="0.415" /><testcase classname="tests.test_round1.TestLeaseAgreementType" name="test_lease_invalid_agreement_type" time="0.194" /><testcase classname="tests.test_round1.TestLeaseAgreementType" name="test_lease_rental_pdf_title" time="0.321" /><testcase classname="tests.test_round1.TestLeaseAgreementType" name="test_lease_lease_pdf_title" time="0.584" /><testcase classname="tests.test_round1.TestSecurityCRUD" name="test_create_security" time="0.322" /><testcase classname="tests.test_round1.TestSecurityCRUD" name="test_list_security" time="0.103" /><testcase classname="tests.test_round1.TestSecurityCRUD" name="test_duplicate_email_400" time="0.333" /><testcase classname="tests.test_round1.TestSecurityCRUD" name="test_caretaker_cannot_create_security" time="0.483" /><testcase classname="tests.test_round1.TestSecurityActions" name="test_security_scan_visitor_pass_and_role_attribution" time="1.439" /><testcase classname="tests.test_round1.TestSecurityActions" name="test_security_list_passes" time="0.437" /><testcase classname="tests.test_round1.TestSecurityActions" name="test_security_resolves_issue" time="1.139" /><testcase classname="tests.test_round1.TestBillNotificationLabels" name="test_water_bill_notification_label" time="8.007" /><testcase classname="tests.test_round1.TestPublicListings" name="test_listings_have_sub_type_and_tenancy" time="1.327" /><testcase classname="tests.test_round1.TestMigration" name="test_existing_properties_have_new_fields" time="0.121" /></testsuite></testsuites>