<?xml version="1.0" encoding="utf-8"?><testsuites name="pytest tests"><testsuite name="pytest" errors="0" failures="1" skipped="0" tests="19" time="32.767" timestamp="2026-05-27T12:05:57.446051+00:00" hostname="agent-env-ccc54e5b-9e87-4106-b464-f66cad509e8b"><testcase classname="backend.tests.test_round4.TestSecurityAutoApprove" name="test_seeded_security_can_login" time="0.475" /><testcase classname="backend.tests.test_round4.TestSecurityAutoApprove" name="test_create_security_auto_approved" time="1.006" /><testcase classname="backend.tests.test_round4.TestSecurityAutoApprove" name="test_admin_approvals_security_empty" time="0.488" /><testcase classname="backend.tests.test_round4.TestAdminResetCredentials" name="test_reset_empty_body_400" time="1.034"><failure message="AssertionError: Expected 400 for empty body, got 200: {&quot;ok&quot;:true,&quot;user_id&quot;:&quot;800e6315-280d-42bf-8b13-c288aa0fd75e&quot;,&quot;new_email&quot;:&quot;empty_body_ae95e2@demo.nyumba&quot;,&quot;new_password&quot;:&quot;daQxZqrAir&quot;}&#10;assert 200 == 400&#10; +  where 200 = &lt;Response [200]&gt;.status_code">backend/tests/test_round4.py:107: in test_reset_empty_body_400
    assert r.status_code == 400, f"Expected 400 for empty body, got {r.status_code}: {r.text}"
E   AssertionError: Expected 400 for empty body, got 200: {"ok":true,"user_id":"800e6315-280d-42bf-8b13-c288aa0fd75e","new_email":"empty_body_ae95e2@demo.nyumba","new_password":"daQxZqrAir"}
E   assert 200 == 400
E    +  where 200 = &lt;Response [200]&gt;.status_code</failure></testcase><testcase classname="backend.tests.test_round4.TestAdminResetCredentials" name="test_reset_password_returns_new_password" time="1.371" /><testcase classname="backend.tests.test_round4.TestAdminResetCredentials" name="test_reset_email_changes_email" time="1.138" /><testcase classname="backend.tests.test_round4.TestAdminResetCredentials" name="test_reset_non_admin_403" time="0.225" /><testcase classname="backend.tests.test_round4.TestAdminResetCredentials" name="test_reset_self_400" time="0.213" /><testcase classname="backend.tests.test_round4.TestAdminResetCredentials" name="test_audit_log_admin_only" time="0.221" /><testcase classname="backend.tests.test_round4.TestYardSalePayment" name="test_create_listing_requires_phone" time="0.432" /><testcase classname="backend.tests.test_round4.TestYardSalePayment" name="test_create_listing_with_phone_pending_payment" time="2.030" /><testcase classname="backend.tests.test_round4.TestYardSalePayment" name="test_pending_listing_hidden_from_others" time="1.712" /><testcase classname="backend.tests.test_round4.TestYardSalePayment" name="test_callback_flips_to_active" time="18.641" /><testcase classname="backend.tests.test_round4.TestPublicPassViewer" name="test_invalid_token_404" time="0.118" /><testcase classname="backend.tests.test_round4.TestPublicPassViewer" name="test_valid_pass_returns_qr" time="0.244" /><testcase classname="backend.tests.test_round4.TestMarketplaceFilter" name="test_lease_filter" time="0.117" /><testcase classname="backend.tests.test_round4.TestMarketplaceFilter" name="test_rental_filter" time="0.110" /><testcase classname="backend.tests.test_round4.TestAdminExports" name="test_all_export_combinations_admin" time="2.970" /><testcase classname="backend.tests.test_round4.TestAdminExports" name="test_export_non_admin_403" time="0.102" /></testsuite></testsuites>