<?xml version="1.0" encoding="utf-8"?><testsuites name="pytest tests"><testsuite name="pytest" errors="0" failures="2" skipped="1" tests="19" time="60.690" timestamp="2026-05-27T14:56:59.649525+00:00" hostname="agent-env-ccc54e5b-9e87-4106-b464-f66cad509e8b"><testcase classname="tests.test_round5.TestAdminSettings" name="test_get_settings_returns_all_new_fields" time="2.209" /><testcase classname="tests.test_round5.TestAdminSettings" name="test_patch_partial_update" time="0.103" /><testcase classname="tests.test_round5.TestAdminSettings" name="test_get_settings_admin_only" time="0.478" /><testcase classname="tests.test_round5.TestAdminSettings" name="test_public_settings_no_secrets" time="0.122" /><testcase classname="tests.test_round5.TestPropertyPaybill" name="test_get_properties_returns_paybill" time="0.102" /><testcase classname="tests.test_round5.TestPropertyPaybill" name="test_patch_property_paybill" time="0.382" /><testcase classname="tests.test_round5.TestVisitorPassScan" name="test_security_can_scan_own_landlord_pass" time="0.621" /><testcase classname="tests.test_round5.TestVisitorPassScan" name="test_security_cannot_scan_other_landlord_pass" time="0.557" /><testcase classname="tests.test_round5.TestTwoStepRentFlow" name="test_stk_push_only_service_fee" time="2.700" /><testcase classname="tests.test_round5.TestTwoStepRentFlow" name="test_callback_settles_to_awaiting_rent_receipt" time="25.426"><failure message="AssertionError: status: pending&#10;assert 'pending' == 'awaiting_rent_receipt'&#10;  &#10;  - awaiting_rent_receipt&#10;  + pending">E   AssertionError: status: pending
    assert 'pending' == 'awaiting_rent_receipt'
      
      - awaiting_rent_receipt
      + pending</failure></testcase><testcase classname="tests.test_round5.TestTwoStepRentFlow" name="test_submit_rent_receipt_before_fee_rejected" time="0.259" /><testcase classname="tests.test_round5.TestTwoStepRentFlow" name="test_submit_rent_receipt_after_fee" time="25.753"><failure message="AssertionError: assert 'pending' == 'awaiting_lan..._confirmation'&#10;  &#10;  - awaiting_landlord_confirmation&#10;  + pending">E   AssertionError: assert 'pending' == 'awaiting_lan..._confirmation'
      
      - awaiting_landlord_confirmation
      + pending</failure></testcase><testcase classname="tests.test_round5.TestTwoStepRentFlow" name="test_tenant_cannot_confirm" time="0.109" /><testcase classname="tests.test_round5.TestTwoStepRentFlow" name="test_wrong_caretaker_cannot_confirm" time="0.437" /><testcase classname="tests.test_round5.TestTwoStepRentFlow" name="test_landlord_can_reject" time="0.380" /><testcase classname="tests.test_round5.TestTwoStepRentFlow" name="test_caretaker_can_confirm" time="0.565" /><testcase classname="tests.test_round5.TestDisbursements" name="test_list_disbursements_admin" time="0.112" /><testcase classname="tests.test_round5.TestDisbursements" name="test_disbursements_landlord_forbidden" time="0.143" /><testcase classname="tests.test_round5.TestDisbursements" name="test_mark_paid_admin_only" time="0.134"><skipped type="pytest.skip" message="no pending disbursements to mark paid">/app/backend/tests/test_round5.py:410: no pending disbursements to mark paid</skipped></testcase></testsuite></testsuites>